

> web@0.1.0 build
> next build

[1G[0K[1m[38;2;173;127;168m▲ Next.js 16.1.6[39m[22m (Turbopack)

[37m[1m [22m[39m Creating an optimized production build ...

> Build error occurred
Error: Turbopack build failed with 2 errors:
./apps/web/styles/tailwind.css:1:22
Parsing CSS source code failed
[0m[31m[1m>[22m[39m[90m 1 |[39m [33m@[39m[36mimport[39m [32m'tailwindcss'[39m source(none)[33m;[39m
 [90m   |[39m                      [31m[1m^[22m[39m
 [90m 2 |[39m [33m@[39msource [32m'../**/*.{js,ts,jsx,tsx}'[39m[33m;[39m
 [90m 3 |[39m
 [90m 4 |[39m [33m@[39m[36mimport[39m [32m'tw-animate-css'[39m[33m;[39m[0m

Unexpected token Function("source")

Import trace:
  Client Component Browser:
    ./apps/web/styles/tailwind.css [Client Component Browser]
    ./apps/web/app/layout.tsx [Server Component]


./apps/web/styles/index.css:1:2
[1m[31mModule not found[39m[22m: Can't resolve [32m'./fonts.css'[39m
[0m[31m[1m>[22m[39m[90m 1 |[39m [33m@[39m[36mimport[39m [32m'./fonts.css'[39m[33m;[39m
 [90m   |[39m  [31m[1m^[22m[39m
 [90m 2 |[39m [33m@[39m[36mimport[39m [32m'./tailwind.css'[39m[33m;[39m
 [90m 3 |[39m [33m@[39m[36mimport[39m [32m'./theme.css'[39m[33m;[39m
 [90m 4 |[39m[0m



Import trace:
  Client Component Browser:
    ./apps/web/styles/index.css [Client Component Browser]
    ./apps/web/app/layout.tsx [Server Component]

https://nextjs.org/docs/messages/module-not-found


    at <unknown> (./apps/web/styles/tailwind.css:1:22)
    at <unknown> (./apps/web/styles/index.css:1:2)
    at <unknown> (https://nextjs.org/docs/messages/module-not-found)
[1G[0K⠙[1G[0K[1mnpm[22m [31merror[39m Lifecycle script `build` failed with error:
[1G[0K⠙[1G[0K[1mnpm[22m [31merror[39m [94mcode[39m [33m1[39m
[1G[0K⠙[1G[0K[1mnpm[22m [31merror[39m [94mpath[39m /home/hakuo/hakuo_projects/Omoi_project/my-turborepo/apps/web
[1G[0K⠙[1G[0K[1mnpm[22m [31merror[39m [94mworkspace[39m web@0.1.0
[1G[0K⠙[1G[0K[1mnpm[22m [31merror[39m [94mlocation[39m /home/hakuo/hakuo_projects/Omoi_project/my-turborepo/apps/web
[1G[0K⠙[1G[0K[1mnpm[22m [31merror[39m command failed
[1G[0K⠙[1G[0K[1mnpm[22m [31merror[39m [94mcommand[39m sh -c next build
[1G[0K⠙[1G[0K
